2025-07-13 12:22:13,213 - __main__ - INFO - Начинаю сканирование источников...
2025-07-13 12:22:13,825 - __main__ - INFO - Обработан источник HackerNews Jobs: 20 вакансий
2025-07-13 12:22:13,955 - __main__ - INFO - Обработан источник AngelList Jobs: 0 вакансий
2025-07-13 12:22:14,246 - __main__ - INFO - Обработан источник Stack Overflow Jobs: 0 вакансий
2025-07-13 12:22:15,747 - __main__ - INFO - Обработан источник PracujIT pl: 1794 вакансий
2025-07-13 12:22:15,924 - __main__ - INFO - Обработан источник PracujIT pl: 197 вакансий
2025-07-13 12:22:16,326 - __main__ - INFO - Обработан источник Praca PL: 20 вакансий
2025-07-13 12:22:16,696 - __main__ - INFO - Обработан источник Praca PL: 20 вакансий
2025-07-13 12:22:17,052 - __main__ - INFO - Обработан источник Praca PL: 20 вакансий
2025-07-13 12:22:17,423 - __main__ - INFO - Обработан источник Praca PL: 20 вакансий
2025-07-13 12:22:17,423 - __main__ - INFO - Сканирование завершено. Просмотрено: 2091, добавлено: 0
2025-07-13 12:22:17,423 - __main__ - INFO - Отправляю ежедневный отчет...
2025-07-13 18:56:57,336 - __main__ - INFO - Начинаю сканирование источников...
2025-07-13 18:56:58,253 - __main__ - INFO - Обработан источник HackerNews Jobs: 20 вакансий
2025-07-13 18:56:58,636 - __main__ - INFO - Обработан источник AngelList Jobs: 0 вакансий
2025-07-13 18:56:59,129 - __main__ - INFO - Обработан источник Stack Overflow Jobs: 0 вакансий
2025-07-13 18:57:02,920 - __main__ - INFO - Обработан источник PracujIT pl: 1794 вакансий
2025-07-13 18:57:03,094 - __main__ - INFO - Обработан источник PracujIT pl: 197 вакансий
2025-07-13 18:57:03,562 - __main__ - INFO - Обработан источник Praca PL: 20 вакансий
2025-07-13 18:57:03,955 - __main__ - INFO - Обработан источник Praca PL: 20 вакансий
2025-07-13 18:57:04,319 - __main__ - INFO - Обработан источник Praca PL: 20 вакансий
2025-07-13 18:57:04,705 - __main__ - INFO - Обработан источник Praca PL: 20 вакансий
2025-07-13 18:57:04,705 - __main__ - INFO - Сканирование завершено. Просмотрено: 2091, добавлено: 0
2025-07-13 18:57:04,705 - __main__ - INFO - Отправляю ежедневный отчет...
2025-07-13 19:08:34,997 - __main__ - INFO - Начинаю сканирование источников...
2025-07-13 19:08:35,883 - __main__ - INFO - Обработан источник HackerNews Jobs: 20 вакансий
2025-07-13 19:08:39,924 - __main__ - INFO - Обработан источник AngelList Jobs: 0 вакансий
2025-07-13 19:08:40,187 - __main__ - INFO - Обработан источник DOU Jobs: 0 вакансий
2025-07-13 19:08:41,746 - __main__ - INFO - Обработан источник PracujIT pl: 1794 вакансий
2025-07-13 19:08:41,939 - __main__ - INFO - Обработан источник PracujIT pl: 197 вакансий
2025-07-13 19:08:42,378 - __main__ - INFO - Обработан источник Praca PL: 20 вакансий
2025-07-13 19:08:42,757 - __main__ - INFO - Обработан источник Praca PL: 20 вакансий
2025-07-13 19:08:43,180 - __main__ - INFO - Обработан источник Praca PL: 20 вакансий
2025-07-13 19:08:43,535 - __main__ - INFO - Обработан источник Praca PL: 20 вакансий
2025-07-13 19:08:43,537 - __main__ - INFO - Сканирование завершено. Просмотрено: 2091, добавлено: 0
2025-07-13 19:08:43,537 - __main__ - INFO - Отправляю ежедневный отчет...
2025-07-13 19:13:54,667 - __main__ - INFO - Начинаю сканирование источников...
2025-07-13 19:13:55,267 - __main__ - INFO - Обработан источник HackerNews Jobs: 20 вакансий
2025-07-13 19:13:56,997 - __main__ - INFO - Обработан источник AngelList Jobs: 0 вакансий
2025-07-13 19:13:57,258 - __main__ - INFO - Обработан источник DOU Jobs: 0 вакансий
2025-07-13 19:13:58,978 - __main__ - INFO - Обработан источник PracujIT pl: 1794 вакансий
2025-07-13 19:13:59,175 - __main__ - INFO - Обработан источник PracujIT pl: 197 вакансий
2025-07-13 19:13:59,602 - __main__ - INFO - Обработан источник Praca PL: 20 вакансий
2025-07-13 19:13:59,973 - __main__ - INFO - Обработан источник Praca PL: 20 вакансий
2025-07-13 19:14:00,343 - __main__ - INFO - Обработан источник Praca PL: 20 вакансий
2025-07-13 19:14:00,692 - __main__ - INFO - Обработан источник Praca PL: 20 вакансий
2025-07-13 19:14:00,693 - __main__ - INFO - Сканирование завершено. Просмотрено: 2091, добавлено: 0
2025-07-13 19:14:00,693 - __main__ - INFO - Отправляю ежедневный отчет...
2025-07-13 19:18:37,032 - __main__ - INFO - Начинаю сканирование источников...
2025-07-13 19:18:37,697 - __main__ - INFO - Обработан источник HackerNews Jobs: 20 вакансий
2025-07-13 19:18:37,886 - __main__ - INFO - Обработан источник AngelList Jobs: 0 вакансий
2025-07-13 19:18:38,206 - __main__ - INFO - 0 вакансий найдено на DOU Jobs
2025-07-13 19:18:38,206 - __main__ - INFO - Обработан источник DOU Jobs: 0 вакансий
2025-07-13 19:18:39,770 - __main__ - INFO - Обработан источник PracujIT pl: 1794 вакансий
2025-07-13 19:18:39,973 - __main__ - INFO - Обработан источник PracujIT pl: 197 вакансий
2025-07-13 19:18:40,466 - __main__ - INFO - Обработан источник Praca PL: 20 вакансий
2025-07-13 19:18:40,871 - __main__ - INFO - Обработан источник Praca PL: 20 вакансий
2025-07-13 19:18:41,261 - __main__ - INFO - Обработан источник Praca PL: 20 вакансий
2025-07-13 19:18:41,649 - __main__ - INFO - Обработан источник Praca PL: 20 вакансий
2025-07-13 19:18:41,650 - __main__ - INFO - Сканирование завершено. Просмотрено: 2091, добавлено: 0
2025-07-13 19:18:41,651 - __main__ - INFO - Отправляю ежедневный отчет...
2025-07-13 19:22:13,074 - __main__ - INFO - Начинаю сканирование источников...
2025-07-13 19:22:13,690 - __main__ - INFO - Обработан источник HackerNews Jobs: 20 вакансий
2025-07-13 19:22:14,707 - __main__ - INFO - Обработан источник AngelList Jobs: 0 вакансий
2025-07-13 19:22:15,072 - __main__ - INFO - 0 вакансий найдено на DOU Jobs
2025-07-13 19:22:15,072 - __main__ - INFO - Обработан источник DOU Jobs: 0 вакансий
2025-07-13 19:22:16,657 - __main__ - INFO - Обработан источник PracujIT pl: 1794 вакансий
2025-07-13 19:22:16,866 - __main__ - INFO - Обработан источник PracujIT pl: 197 вакансий
2025-07-13 19:22:17,297 - __main__ - INFO - Обработан источник Praca PL: 20 вакансий
2025-07-13 19:22:17,738 - __main__ - INFO - Обработан источник Praca PL: 20 вакансий
2025-07-13 19:22:18,174 - __main__ - INFO - Обработан источник Praca PL: 20 вакансий
2025-07-13 19:22:18,585 - __main__ - INFO - Обработан источник Praca PL: 20 вакансий
2025-07-13 19:22:18,586 - __main__ - INFO - Сканирование завершено. Просмотрено: 2091, добавлено: 0
2025-07-13 19:22:18,587 - __main__ - INFO - Отправляю ежедневный отчет...
